This is pdfTeX, Version 3.141592653-2.6-1.40.26 (TeX Live 2024) (preloaded format=pdflatex 2024.9.3)  7 MAY 2025 14:54
entering extended mode
 restricted \write18 enabled.
 file:line:error style messages enabled.
 %&-line parsing enabled.
**/Users/sharmaparth/Codes/Latex_Files/23MAI004_Sem4_MidSem_Report/report.tex
(/Users/sharmaparth/Codes/Latex_Files/23MAI004_Sem4_MidSem_Report/report.tex
LaTeX2e <2023-11-01> patch level 1
L3 programming layer <2024-02-20>
(/usr/local/texlive/2024/texmf-dist/tex/latex/base/report.cls
Document Class: report 2023/05/17 v1.4n Standard LaTeX document class
(/usr/local/texlive/2024/texmf-dist/tex/latex/base/size12.clo
File: size12.clo 2023/05/17 v1.4n Standard LaTeX file (size option)
)
\c@part=\count188
\c@chapter=\count189
\c@section=\count190
\c@subsection=\count191
\c@subsubsection=\count192
\c@paragraph=\count193
\c@subparagraph=\count194
\c@figure=\count195
\c@table=\count196
\abovecaptionskip=\skip48
\belowcaptionskip=\skip49
\bibindent=\dimen140
) (/usr/local/texlive/2024/texmf-dist/tex/latex/pdfpages/pdfpages.sty
Package: pdfpages 2024/01/21 v0.5y Insert pages of external PDF documents (AM)
 (/usr/local/texlive/2024/texmf-dist/tex/latex/base/ifthen.sty
Package: ifthen 2022/04/13 v1.1d Standard LaTeX ifthen package (DPC)
) (/usr/local/texlive/2024/texmf-dist/tex/latex/tools/calc.sty
Package: calc 2023/07/08 v4.3 Infix arithmetic (KKT,FJ)
\calc@Acount=\count197
\calc@Bcount=\count198
\calc@Adimen=\dimen141
\calc@Bdimen=\dimen142
\calc@Askip=\skip50
\calc@Bskip=\skip51
LaTeX Info: Redefining \setlength on input line 80.
LaTeX Info: Redefining \addtolength on input line 81.
\calc@Ccount=\count199
\calc@Cskip=\skip52
) (/usr/local/texlive/2024/texmf-dist/tex/latex/eso-pic/eso-pic.sty
Package: eso-pic 2023/05/03 v3.0c eso-pic (RN)
\ESO@tempdima=\dimen143
\ESO@tempdimb=\dimen144
 (/usr/local/texlive/2024/texmf-dist/tex/latex/graphics/keyval.sty
Package: keyval 2022/05/29 v1.15 key=value parser (DPC)
\KV@toks@=\toks17
) (/usr/local/texlive/2024/texmf-dist/tex/latex/xcolor/xcolor.sty
Package: xcolor 2023/11/15 v3.01 LaTeX color extensions (UK)
 (/usr/local/texlive/2024/texmf-dist/tex/latex/graphics-cfg/color.cfg
File: color.cfg 2016/01/02 v1.6 sample color configuration
)
Package xcolor Info: Driver file: pdftex.def on input line 274.
 (/usr/local/texlive/2024/texmf-dist/tex/latex/graphics-def/pdftex.def
File: pdftex.def 2022/09/22 v1.2b Graphics/color driver for pdftex
) (/usr/local/texlive/2024/texmf-dist/tex/latex/graphics/mathcolor.ltx)
Package xcolor Info: Model `cmy' substituted by `cmy0' on input line 1350.
Package xcolor Info: Model `hsb' substituted by `rgb' on input line 1354.
Package xcolor Info: Model `RGB' extended on input line 1366.
Package xcolor Info: Model `HTML' substituted by `rgb' on input line 1368.
Package xcolor Info: Model `Hsb' substituted by `hsb' on input line 1369.
Package xcolor Info: Model `tHsb' substituted by `hsb' on input line 1370.
Package xcolor Info: Model `HSB' substituted by `hsb' on input line 1371.
Package xcolor Info: Model `Gray' substituted by `gray' on input line 1372.
Package xcolor Info: Model `wave' substituted by `hsb' on input line 1373.
)) (/usr/local/texlive/2024/texmf-dist/tex/latex/graphics/graphicx.sty
Package: graphicx 2021/09/16 v1.2d Enhanced LaTeX Graphics (DPC,SPQR)
 (/usr/local/texlive/2024/texmf-dist/tex/latex/graphics/graphics.sty
Package: graphics 2022/03/10 v1.4e Standard LaTeX Graphics (DPC,SPQR)
 (/usr/local/texlive/2024/texmf-dist/tex/latex/graphics/trig.sty
Package: trig 2021/08/11 v1.11 sin cos tan (DPC)
) (/usr/local/texlive/2024/texmf-dist/tex/latex/graphics-cfg/graphics.cfg
File: graphics.cfg 2016/06/04 v1.11 sample graphics configuration
)
Package graphics Info: Driver file: pdftex.def on input line 107.
)
\Gin@req@height=\dimen145
\Gin@req@width=\dimen146
)
\AM@pagewidth=\dimen147
\AM@pageheight=\dimen148
\AM@fboxrule=\dimen149
 (/usr/local/texlive/2024/texmf-dist/tex/latex/pdfpages/pppdftex.def
File: pppdftex.def 2024/01/21 v0.5y Pdfpages driver for pdfTeX (AM)
)
\pdfpages@includegraphics@status=\count266
\AM@pagebox=\box51
\AM@global@opts=\toks18
\AM@pagecnt=\count267
\AM@toc@title=\toks19
\AM@lof@heading=\toks20
\c@AM@survey=\count268
\AM@templatesizebox=\box52
) (/usr/local/texlive/2024/texmf-dist/tex/latex/tools/array.sty
Package: array 2023/10/16 v2.5g Tabular extension package (FMi)
\col@sep=\dimen150
\ar@mcellbox=\box53
\extrarowheight=\dimen151
\NC@list=\toks21
\extratabsurround=\skip53
\backup@length=\skip54
\ar@cellbox=\box54
) (/usr/local/texlive/2024/texmf-dist/tex/latex/fancyhdr/fancyhdr.sty
Package: fancyhdr 2022/11/09 v4.1 Extensive control of page headers and footers
\f@nch@headwidth=\skip55
\f@nch@O@elh=\skip56
\f@nch@O@erh=\skip57
\f@nch@O@olh=\skip58
\f@nch@O@orh=\skip59
\f@nch@O@elf=\skip60
\f@nch@O@erf=\skip61
\f@nch@O@olf=\skip62
\f@nch@O@orf=\skip63
) (/usr/local/texlive/2024/texmf-dist/tex/latex/amsmath/amsmath.sty
Package: amsmath 2023/05/13 v2.17o AMS math features
\@mathmargin=\skip64

For additional information on amsmath, use the `?' option.
(/usr/local/texlive/2024/texmf-dist/tex/latex/amsmath/amstext.sty
Package: amstext 2021/08/26 v2.01 AMS text
 (/usr/local/texlive/2024/texmf-dist/tex/latex/amsmath/amsgen.sty
File: amsgen.sty 1999/11/30 v2.0 generic functions
\@emptytoks=\toks22
\ex@=\dimen152
)) (/usr/local/texlive/2024/texmf-dist/tex/latex/amsmath/amsbsy.sty
Package: amsbsy 1999/11/29 v1.2d Bold Symbols
\pmbraise@=\dimen153
) (/usr/local/texlive/2024/texmf-dist/tex/latex/amsmath/amsopn.sty
Package: amsopn 2022/04/08 v2.04 operator names
)
\inf@bad=\count269
LaTeX Info: Redefining \frac on input line 234.
\uproot@=\count270
\leftroot@=\count271
LaTeX Info: Redefining \overline on input line 399.
LaTeX Info: Redefining \colon on input line 410.
\classnum@=\count272
\DOTSCASE@=\count273
LaTeX Info: Redefining \ldots on input line 496.
LaTeX Info: Redefining \dots on input line 499.
LaTeX Info: Redefining \cdots on input line 620.
\Mathstrutbox@=\box55
\strutbox@=\box56
LaTeX Info: Redefining \big on input line 722.
LaTeX Info: Redefining \Big on input line 723.
LaTeX Info: Redefining \bigg on input line 724.
LaTeX Info: Redefining \Bigg on input line 725.
\big@size=\dimen154
LaTeX Font Info:    Redeclaring font encoding OML on input line 743.
LaTeX Font Info:    Redeclaring font encoding OMS on input line 744.
\macc@depth=\count274
LaTeX Info: Redefining \bmod on input line 905.
LaTeX Info: Redefining \pmod on input line 910.
LaTeX Info: Redefining \smash on input line 940.
LaTeX Info: Redefining \relbar on input line 970.
LaTeX Info: Redefining \Relbar on input line 971.
\c@MaxMatrixCols=\count275
\dotsspace@=\muskip16
\c@parentequation=\count276
\dspbrk@lvl=\count277
\tag@help=\toks23
\row@=\count278
\column@=\count279
\maxfields@=\count280
\andhelp@=\toks24
\eqnshift@=\dimen155
\alignsep@=\dimen156
\tagshift@=\dimen157
\tagwidth@=\dimen158
\totwidth@=\dimen159
\lineht@=\dimen160
\@envbody=\toks25
\multlinegap=\skip65
\multlinetaggap=\skip66
\mathdisplay@stack=\toks26
LaTeX Info: Redefining \[ on input line 2953.
LaTeX Info: Redefining \] on input line 2954.
) (/usr/local/texlive/2024/texmf-dist/tex/latex/setspace/setspace.sty
Package: setspace 2022/12/04 v6.7b set line spacing
) (/usr/local/texlive/2024/texmf-dist/tex/latex/titlesec/titlesec.sty
Package: titlesec 2023/10/27 v2.16 Sectioning titles
\ttl@box=\box57
\beforetitleunit=\skip67
\aftertitleunit=\skip68
\ttl@plus=\dimen161
\ttl@minus=\dimen162
\ttl@toksa=\toks27
\titlewidth=\dimen163
\titlewidthlast=\dimen164
\titlewidthfirst=\dimen165
) (/usr/local/texlive/2024/texmf-dist/tex/latex/sectsty/sectsty.sty
Package: sectsty 2002/02/25 v2.0.2 Commands to change all sectional heading styles


LaTeX Warning: Command \underbar  has changed.
               Check if current package is valid.


LaTeX Warning: Command \underline  has changed.
               Check if current package is valid.

) (/usr/local/texlive/2024/texmf-dist/tex/latex/psnfss/mathptmx.sty
Package: mathptmx 2020/03/25 PSNFSS-v9.3 Times w/ Math, improved (SPQR, WaS) 
LaTeX Font Info:    Redeclaring symbol font `operators' on input line 28.
LaTeX Font Info:    Overwriting symbol font `operators' in version `normal'
(Font)                  OT1/cmr/m/n --> OT1/ztmcm/m/n on input line 28.
LaTeX Font Info:    Overwriting symbol font `operators' in version `bold'
(Font)                  OT1/cmr/bx/n --> OT1/ztmcm/m/n on input line 28.
LaTeX Font Info:    Redeclaring symbol font `letters' on input line 29.
LaTeX Font Info:    Overwriting symbol font `letters' in version `normal'
(Font)                  OML/cmm/m/it --> OML/ztmcm/m/it on input line 29.
LaTeX Font Info:    Overwriting symbol font `letters' in version `bold'
(Font)                  OML/cmm/b/it --> OML/ztmcm/m/it on input line 29.
LaTeX Font Info:    Redeclaring symbol font `symbols' on input line 30.
LaTeX Font Info:    Overwriting symbol font `symbols' in version `normal'
(Font)                  OMS/cmsy/m/n --> OMS/ztmcm/m/n on input line 30.
LaTeX Font Info:    Overwriting symbol font `symbols' in version `bold'
(Font)                  OMS/cmsy/b/n --> OMS/ztmcm/m/n on input line 30.
LaTeX Font Info:    Redeclaring symbol font `largesymbols' on input line 31.
LaTeX Font Info:    Overwriting symbol font `largesymbols' in version `normal'
(Font)                  OMX/cmex/m/n --> OMX/ztmcm/m/n on input line 31.
LaTeX Font Info:    Overwriting symbol font `largesymbols' in version `bold'
(Font)                  OMX/cmex/m/n --> OMX/ztmcm/m/n on input line 31.
\symbold=\mathgroup4
\symitalic=\mathgroup5
LaTeX Font Info:    Redeclaring math alphabet \mathbf on input line 34.
LaTeX Font Info:    Overwriting math alphabet `\mathbf' in version `normal'
(Font)                  OT1/cmr/bx/n --> OT1/ptm/bx/n on input line 34.
LaTeX Font Info:    Overwriting math alphabet `\mathbf' in version `bold'
(Font)                  OT1/cmr/bx/n --> OT1/ptm/bx/n on input line 34.
LaTeX Font Info:    Redeclaring math alphabet \mathit on input line 35.
LaTeX Font Info:    Overwriting math alphabet `\mathit' in version `normal'
(Font)                  OT1/cmr/m/it --> OT1/ptm/m/it on input line 35.
LaTeX Font Info:    Overwriting math alphabet `\mathit' in version `bold'
(Font)                  OT1/cmr/bx/it --> OT1/ptm/m/it on input line 35.
LaTeX Info: Redefining \hbar on input line 50.
) (/usr/local/texlive/2024/texmf-dist/tex/latex/psnfss/helvet.sty
Package: helvet 2020/03/25 PSNFSS-v9.3 (WaS) 
) (/usr/local/texlive/2024/texmf-dist/tex/latex/csquotes/csquotes.sty
Package: csquotes 2022-09-14 v5.2n context-sensitive quotations (JAW)
 (/usr/local/texlive/2024/texmf-dist/tex/latex/etoolbox/etoolbox.sty
Package: etoolbox 2020/10/05 v2.5k e-TeX tools for LaTeX (JAW)
\etb@tempcnta=\count281
)
\csq@reset=\count282
\csq@gtype=\count283
\csq@glevel=\count284
\csq@qlevel=\count285
\csq@maxlvl=\count286
\csq@tshold=\count287
\csq@ltx@everypar=\toks28
 (/usr/local/texlive/2024/texmf-dist/tex/latex/csquotes/csquotes.def
File: csquotes.def 2022-09-14 v5.2n csquotes generic definitions (JAW)
)
Package csquotes Info: Trying to load configuration file 'csquotes.cfg'...
Package csquotes Info: ... configuration file loaded successfully.
 (/usr/local/texlive/2024/texmf-dist/tex/latex/csquotes/csquotes.cfg
File: csquotes.cfg 
)) (/usr/local/texlive/2024/texmf-dist/tex/latex/biblatex/biblatex.sty
Package: biblatex 2023/03/05 v3.19 programmable bibliographies (PK/MW)
 (/usr/local/texlive/2024/texmf-dist/tex/generic/pdftexcmds/pdftexcmds.sty
Package: pdftexcmds 2020-06-27 v0.33 Utility functions of pdfTeX for LuaTeX (HO)
 (/usr/local/texlive/2024/texmf-dist/tex/generic/infwarerr/infwarerr.sty
Package: infwarerr 2019/12/03 v1.5 Providing info/warning/error messages (HO)
) (/usr/local/texlive/2024/texmf-dist/tex/generic/iftex/iftex.sty
Package: iftex 2022/02/03 v1.0f TeX engine tests
) (/usr/local/texlive/2024/texmf-dist/tex/generic/ltxcmds/ltxcmds.sty
Package: ltxcmds 2023-12-04 v1.26 LaTeX kernel commands for general use (HO)
)
Package pdftexcmds Info: \pdf@primitive is available.
Package pdftexcmds Info: \pdf@ifprimitive is available.
Package pdftexcmds Info: \pdfdraftmode found.
) (/usr/local/texlive/2024/texmf-dist/tex/latex/kvoptions/kvoptions.sty
Package: kvoptions 2022-06-15 v3.15 Key value format for package options (HO)
 (/usr/local/texlive/2024/texmf-dist/tex/latex/kvsetkeys/kvsetkeys.sty
Package: kvsetkeys 2022-10-05 v1.19 Key value parser (HO)
)) (/usr/local/texlive/2024/texmf-dist/tex/latex/logreq/logreq.sty
Package: logreq 2010/08/04 v1.0 xml request logger
\lrq@indent=\count288
 (/usr/local/texlive/2024/texmf-dist/tex/latex/logreq/logreq.def
File: logreq.def 2010/08/04 v1.0 logreq spec v1.0
)) (/usr/local/texlive/2024/texmf-dist/tex/latex/url/url.sty
\Urlmuskip=\muskip17
Package: url 2013/09/16  ver 3.4  Verb mode for urls, etc.
)
\c@tabx@nest=\count289
\c@listtotal=\count290
\c@listcount=\count291
\c@liststart=\count292
\c@liststop=\count293
\c@citecount=\count294
\c@citetotal=\count295
\c@multicitecount=\count296
\c@multicitetotal=\count297
\c@instcount=\count298
\c@maxnames=\count299
\c@minnames=\count300
\c@maxitems=\count301
\c@minitems=\count302
\c@citecounter=\count303
\c@maxcitecounter=\count304
\c@savedcitecounter=\count305
\c@uniquelist=\count306
\c@uniquename=\count307
\c@refsection=\count308
\c@refsegment=\count309
\c@maxextratitle=\count310
\c@maxextratitleyear=\count311
\c@maxextraname=\count312
\c@maxextradate=\count313
\c@maxextraalpha=\count314
\c@abbrvpenalty=\count315
\c@highnamepenalty=\count316
\c@lownamepenalty=\count317
\c@maxparens=\count318
\c@parenlevel=\count319
\blx@tempcnta=\count320
\blx@tempcntb=\count321
\blx@tempcntc=\count322
\c@blx@maxsection=\count323
\blx@maxsegment@0=\count324
\blx@notetype=\count325
\blx@parenlevel@text=\count326
\blx@parenlevel@foot=\count327
\blx@sectionciteorder@0=\count328
\blx@sectionciteorderinternal@0=\count329
\blx@entrysetcounter=\count330
\blx@biblioinstance=\count331
\labelnumberwidth=\skip69
\labelalphawidth=\skip70
\biblabelsep=\skip71
\bibitemsep=\skip72
\bibnamesep=\skip73
\bibinitsep=\skip74
\bibparsep=\skip75
\bibhang=\skip76
\blx@bcfin=\read2
\blx@bcfout=\write3
\blx@langwohyphens=\language89
\c@mincomprange=\count332
\c@maxcomprange=\count333
\c@mincompwidth=\count334
Package biblatex Info: Trying to load biblatex default data model...
Package biblatex Info: ... file 'blx-dm.def' found.
 (/usr/local/texlive/2024/texmf-dist/tex/latex/biblatex/blx-dm.def
File: blx-dm.def 2023/03/05 v3.19 biblatex localization (PK/MW)
)
Package biblatex Info: Trying to load biblatex style data model...
Package biblatex Info: ... file 'ieee.dbx' not found.
Package biblatex Info: Trying to load biblatex custom data model...
Package biblatex Info: ... file 'biblatex-dm.cfg' not found.
\c@afterword=\count335
\c@savedafterword=\count336
\c@annotator=\count337
\c@savedannotator=\count338
\c@author=\count339
\c@savedauthor=\count340
\c@bookauthor=\count341
\c@savedbookauthor=\count342
\c@commentator=\count343
\c@savedcommentator=\count344
\c@editor=\count345
\c@savededitor=\count346
\c@editora=\count347
\c@savededitora=\count348
\c@editorb=\count349
\c@savededitorb=\count350
\c@editorc=\count351
\c@savededitorc=\count352
\c@foreword=\count353
\c@savedforeword=\count354
\c@holder=\count355
\c@savedholder=\count356
\c@introduction=\count357
\c@savedintroduction=\count358
\c@namea=\count359
\c@savednamea=\count360
\c@nameb=\count361
\c@savednameb=\count362
\c@namec=\count363
\c@savednamec=\count364
\c@translator=\count365
\c@savedtranslator=\count366
\c@shortauthor=\count367
\c@savedshortauthor=\count368
\c@shorteditor=\count369
\c@savedshorteditor=\count370
\c@labelname=\count371
\c@savedlabelname=\count372
\c@institution=\count373
\c@savedinstitution=\count374
\c@lista=\count375
\c@savedlista=\count376
\c@listb=\count377
\c@savedlistb=\count378
\c@listc=\count379
\c@savedlistc=\count380
\c@listd=\count381
\c@savedlistd=\count382
\c@liste=\count383
\c@savedliste=\count384
\c@listf=\count385
\c@savedlistf=\count386
\c@location=\count387
\c@savedlocation=\count388
\c@organization=\count389
\c@savedorganization=\count390
\c@origlocation=\count391
\c@savedoriglocation=\count392
\c@origpublisher=\count393
\c@savedorigpublisher=\count394
\c@publisher=\count395
\c@savedpublisher=\count396
\c@language=\count397
\c@savedlanguage=\count398
\c@origlanguage=\count399
\c@savedoriglanguage=\count400
\c@pageref=\count401
\c@savedpageref=\count402
\shorthandwidth=\skip77
\shortjournalwidth=\skip78
\shortserieswidth=\skip79
\shorttitlewidth=\skip80
\shortauthorwidth=\skip81
\shorteditorwidth=\skip82
\locallabelnumberwidth=\skip83
\locallabelalphawidth=\skip84
\localshorthandwidth=\skip85
\localshortjournalwidth=\skip86
\localshortserieswidth=\skip87
\localshorttitlewidth=\skip88
\localshortauthorwidth=\skip89
\localshorteditorwidth=\skip90
Package biblatex Info: Trying to load compatibility code...
Package biblatex Info: ... file 'blx-compat.def' found.
 (/usr/local/texlive/2024/texmf-dist/tex/latex/biblatex/blx-compat.def
File: blx-compat.def 2023/03/05 v3.19 biblatex compatibility (PK/MW)
)
Package biblatex Info: Trying to load generic definitions...
Package biblatex Info: ... file 'biblatex.def' found.
 (/usr/local/texlive/2024/texmf-dist/tex/latex/biblatex/biblatex.def
File: biblatex.def 2023/03/05 v3.19 biblatex compatibility (PK/MW)
\c@textcitecount=\count403
\c@textcitetotal=\count404
\c@textcitemaxnames=\count405
\c@biburlbigbreakpenalty=\count406
\c@biburlbreakpenalty=\count407
\c@biburlnumpenalty=\count408
\c@biburlucpenalty=\count409
\c@biburllcpenalty=\count410
\biburlbigskip=\muskip18
\biburlnumskip=\muskip19
\biburlucskip=\muskip20
\biburllcskip=\muskip21
\c@smartand=\count411
)
Package biblatex Info: Trying to load bibliography style 'ieee'...
Package biblatex Info: ... file 'ieee.bbx' found.
 (/usr/local/texlive/2024/texmf-dist/tex/latex/biblatex-ieee/ieee.bbx
File: ieee.bbx 2021/12/06 v1.3f biblatex bibliography style
Package biblatex Info: Trying to load bibliography style 'numeric-comp'...
Package biblatex Info: ... file 'numeric-comp.bbx' found.
 (/usr/local/texlive/2024/texmf-dist/tex/latex/biblatex/bbx/numeric-comp.bbx
File: numeric-comp.bbx 2023/03/05 v3.19 biblatex bibliography style (PK/MW)
Package biblatex Info: Trying to load bibliography style 'numeric'...
Package biblatex Info: ... file 'numeric.bbx' found.
 (/usr/local/texlive/2024/texmf-dist/tex/latex/biblatex/bbx/numeric.bbx
File: numeric.bbx 2023/03/05 v3.19 biblatex bibliography style (PK/MW)
Package biblatex Info: Trying to load bibliography style 'standard'...
Package biblatex Info: ... file 'standard.bbx' found.
 (/usr/local/texlive/2024/texmf-dist/tex/latex/biblatex/bbx/standard.bbx
File: standard.bbx 2023/03/05 v3.19 biblatex bibliography style (PK/MW)
\c@bbx:relatedcount=\count412
\c@bbx:relatedtotal=\count413
))))
Package biblatex Info: Trying to load citation style 'ieee'...
Package biblatex Info: ... file 'ieee.cbx' found.
 (/usr/local/texlive/2024/texmf-dist/tex/latex/biblatex-ieee/ieee.cbx
File: ieee.cbx 2021/12/06 v1.3f biblatex citation style
Package biblatex Info: Trying to load citation style 'numeric-comp'...
Package biblatex Info: ... file 'numeric-comp.cbx' found.
 (/usr/local/texlive/2024/texmf-dist/tex/latex/biblatex/cbx/numeric-comp.cbx
File: numeric-comp.cbx 2023/03/05 v3.19 biblatex citation style (PK/MW)
\c@cbx@tempcnta=\count414
\c@cbx@tempcntb=\count415
\c@cbx@tempcntc=\count416
\c@cbx@tempcntd=\count417
Package biblatex Info: Redefining '\cite'.
Package biblatex Info: Redefining '\parencite'.
Package biblatex Info: Redefining '\footcite'.
Package biblatex Info: Redefining '\footcitetext'.
Package biblatex Info: Redefining '\smartcite'.
Package biblatex Info: Redefining '\supercite'.
Package biblatex Info: Redefining '\textcite'.
Package biblatex Info: Redefining '\textcites'.
Package biblatex Info: Redefining '\cites'.
Package biblatex Info: Redefining '\parencites'.
Package biblatex Info: Redefining '\smartcites'.
)
Package biblatex Info: Redefining '\cite'.
Package biblatex Info: Redefining '\supercite'.
Package biblatex Info: Redefining '\cites'.
)
Package biblatex Info: Trying to load configuration file...
Package biblatex Info: ... file 'biblatex.cfg' found.
 (/usr/local/texlive/2024/texmf-dist/tex/latex/biblatex/biblatex.cfg
File: biblatex.cfg 
)
Package biblatex Info: Input encoding 'utf8' detected.
Package biblatex Info: Document encoding is UTF8 ....
 (/usr/local/texlive/2024/texmf-dist/tex/latex/l3kernel/expl3.sty
Package: expl3 2024-02-20 L3 programming layer (loader) 
 (/usr/local/texlive/2024/texmf-dist/tex/latex/l3backend/l3backend-pdftex.def
File: l3backend-pdftex.def 2024-02-20 L3 backend support: PDF output (pdfTeX)
\l__color_backend_stack_int=\count418
\l__pdf_internal_box=\box58
))
Package biblatex Info: ... and expl3
(biblatex)             2024-02-20 L3 programming layer (loader) 
(biblatex)             is new enough (at least 2020/04/06),
(biblatex)             setting 'casechanger=expl3'.
 (/usr/local/texlive/2024/texmf-dist/tex/latex/biblatex/blx-case-expl3.sty (/usr/local/texlive/2024/texmf-dist/tex/latex/l3packages/xparse/xparse.sty
Package: xparse 2024-02-18 L3 Experimental document command parser
)
Package: blx-case-expl3 2023/03/05 v3.19 expl3 case changing code for biblatex
)) (/usr/local/texlive/2024/texmf-dist/tex/latex/hyperref/hyperref.sty
Package: hyperref 2024-01-20 v7.01h Hypertext links for LaTeX
 (/usr/local/texlive/2024/texmf-dist/tex/generic/kvdefinekeys/kvdefinekeys.sty
Package: kvdefinekeys 2019-12-19 v1.6 Define keys (HO)
) (/usr/local/texlive/2024/texmf-dist/tex/generic/pdfescape/pdfescape.sty
Package: pdfescape 2019/12/09 v1.15 Implements pdfTeX's escape features (HO)
) (/usr/local/texlive/2024/texmf-dist/tex/latex/hycolor/hycolor.sty
Package: hycolor 2020-01-27 v1.10 Color options for hyperref/bookmark (HO)
) (/usr/local/texlive/2024/texmf-dist/tex/latex/auxhook/auxhook.sty
Package: auxhook 2019-12-17 v1.6 Hooks for auxiliary files (HO)
) (/usr/local/texlive/2024/texmf-dist/tex/latex/hyperref/nameref.sty
Package: nameref 2023-11-26 v2.56 Cross-referencing by name of section
 (/usr/local/texlive/2024/texmf-dist/tex/latex/refcount/refcount.sty
Package: refcount 2019/12/15 v3.6 Data extraction from label references (HO)
) (/usr/local/texlive/2024/texmf-dist/tex/generic/gettitlestring/gettitlestring.sty
Package: gettitlestring 2019/12/15 v1.6 Cleanup title references (HO)
)
\c@section@level=\count419
)
\@linkdim=\dimen166
\Hy@linkcounter=\count420
\Hy@pagecounter=\count421
 (/usr/local/texlive/2024/texmf-dist/tex/latex/hyperref/pd1enc.def
File: pd1enc.def 2024-01-20 v7.01h Hyperref: PDFDocEncoding definition (HO)
Now handling font encoding PD1 ...
... no UTF-8 mapping file for font encoding PD1
) (/usr/local/texlive/2024/texmf-dist/tex/generic/intcalc/intcalc.sty
Package: intcalc 2019/12/15 v1.3 Expandable calculations with integers (HO)
)
\Hy@SavedSpaceFactor=\count422
 (/usr/local/texlive/2024/texmf-dist/tex/latex/hyperref/puenc.def
File: puenc.def 2024-01-20 v7.01h Hyperref: PDF Unicode definition (HO)
Now handling font encoding PU ...
... no UTF-8 mapping file for font encoding PU
)
Package hyperref Info: Option `bookmarks' set `true' on input line 4062.
Package hyperref Info: Option `colorlinks' set `false' on input line 4062.
Package hyperref Info: Hyper figures OFF on input line 4179.
Package hyperref Info: Link nesting OFF on input line 4184.
Package hyperref Info: Hyper index ON on input line 4187.
Package hyperref Info: Plain pages OFF on input line 4194.
Package hyperref Info: Backreferencing OFF on input line 4199.
Package hyperref Info: Implicit mode ON; LaTeX internals redefined.
Package hyperref Info: Bookmarks ON on input line 4446.
\c@Hy@tempcnt=\count423
LaTeX Info: Redefining \url on input line 4784.
\XeTeXLinkMargin=\dimen167
 (/usr/local/texlive/2024/texmf-dist/tex/generic/bitset/bitset.sty
Package: bitset 2019/12/09 v1.3 Handle bit-vector datatype (HO)
 (/usr/local/texlive/2024/texmf-dist/tex/generic/bigintcalc/bigintcalc.sty
Package: bigintcalc 2019/12/15 v1.5 Expandable calculations on big integers (HO)
))
\Fld@menulength=\count424
\Field@Width=\dimen168
\Fld@charsize=\dimen169
Package hyperref Info: Hyper figures OFF on input line 6063.
Package hyperref Info: Link nesting OFF on input line 6068.
Package hyperref Info: Hyper index ON on input line 6071.
Package hyperref Info: backreferencing OFF on input line 6078.
Package hyperref Info: Link coloring OFF on input line 6083.
Package hyperref Info: Link coloring with OCG OFF on input line 6088.
Package hyperref Info: PDF/A mode OFF on input line 6093.
 (/usr/local/texlive/2024/texmf-dist/tex/latex/base/atbegshi-ltx.sty
Package: atbegshi-ltx 2021/01/10 v1.0c Emulation of the original atbegshi
package with kernel methods
)
\Hy@abspage=\count425
\c@Item=\count426
\c@Hfootnote=\count427
)
Package hyperref Info: Driver (autodetected): hpdftex.
 (/usr/local/texlive/2024/texmf-dist/tex/latex/hyperref/hpdftex.def
File: hpdftex.def 2024-01-20 v7.01h Hyperref driver for pdfTeX
 (/usr/local/texlive/2024/texmf-dist/tex/latex/base/atveryend-ltx.sty
Package: atveryend-ltx 2020/08/19 v1.0a Emulation of the original atveryend package
with kernel methods
)
\Fld@listcount=\count428
\c@bookmark@seq@number=\count429
 (/usr/local/texlive/2024/texmf-dist/tex/latex/rerunfilecheck/rerunfilecheck.sty
Package: rerunfilecheck 2022-07-10 v1.10 Rerun checks for auxiliary files (HO)
 (/usr/local/texlive/2024/texmf-dist/tex/generic/uniquecounter/uniquecounter.sty
Package: uniquecounter 2019/12/15 v1.4 Provide unlimited unique counter (HO)
)
Package uniquecounter Info: New unique counter `rerunfilecheck' on input line 285.
)
\Hy@SectionHShift=\skip91
)
Package csquotes Info: Checking for multilingual support...
Package csquotes Info: ... none found.
LaTeX Font Info:    Trying to load font information for OT1+ptm on input line 52.
 (/usr/local/texlive/2024/texmf-dist/tex/latex/psnfss/ot1ptm.fd
File: ot1ptm.fd 2001/06/04 font definitions for OT1/ptm.
) (./report.aux (./Chapters/ApprovalSheet.aux) (./Chapters/Declaration.aux))
\openout1 = `report.aux'.

LaTeX Font Info:    Checking defaults for OML/cmm/m/it on input line 52.
LaTeX Font Info:    ... okay on input line 52.
LaTeX Font Info:    Checking defaults for OMS/cmsy/m/n on input line 52.
LaTeX Font Info:    ... okay on input line 52.
LaTeX Font Info:    Checking defaults for OT1/cmr/m/n on input line 52.
LaTeX Font Info:    ... okay on input line 52.
LaTeX Font Info:    Checking defaults for T1/cmr/m/n on input line 52.
LaTeX Font Info:    ... okay on input line 52.
LaTeX Font Info:    Checking defaults for TS1/cmr/m/n on input line 52.
LaTeX Font Info:    ... okay on input line 52.
LaTeX Font Info:    Checking defaults for OMX/cmex/m/n on input line 52.
LaTeX Font Info:    ... okay on input line 52.
LaTeX Font Info:    Checking defaults for U/cmr/m/n on input line 52.
LaTeX Font Info:    ... okay on input line 52.
LaTeX Font Info:    Checking defaults for PD1/pdf/m/n on input line 52.
LaTeX Font Info:    ... okay on input line 52.
LaTeX Font Info:    Checking defaults for PU/pdf/m/n on input line 52.
LaTeX Font Info:    ... okay on input line 52.
 (/usr/local/texlive/2024/texmf-dist/tex/context/base/mkii/supp-pdf.mkii
[Loading MPS to PDF converter (version 2006.09.02).]
\scratchcounter=\count430
\scratchdimen=\dimen170
\scratchbox=\box59
\nofMPsegments=\count431
\nofMParguments=\count432
\everyMPshowfont=\toks29
\MPscratchCnt=\count433
\MPscratchDim=\dimen171
\MPnumerator=\count434
\makeMPintoPDFobject=\count435
\everyMPtoPDFconversion=\toks30
) (/usr/local/texlive/2024/texmf-dist/tex/latex/epstopdf-pkg/epstopdf-base.sty
Package: epstopdf-base 2020-01-24 v2.11 Base part for package epstopdf
Package epstopdf-base Info: Redefining graphics rule for `.eps' on input line 485.
 (/usr/local/texlive/2024/texmf-dist/tex/latex/latexconfig/epstopdf-sys.cfg
File: epstopdf-sys.cfg 2010/07/13 v1.3 Configuration of (r)epstopdf for TeX Live
)) (/usr/local/texlive/2024/texmf-dist/tex/latex/pdflscape/pdflscape.sty
Package: pdflscape 2022-10-27 v0.13 Display of landscape pages in PDF
 (/usr/local/texlive/2024/texmf-dist/tex/latex/pdflscape/pdflscape-nometadata.sty
Package: pdflscape-nometadata 2022-10-28 v0.13 Display of landscape pages in PDF (HO)
 (/usr/local/texlive/2024/texmf-dist/tex/latex/graphics/lscape.sty
Package: lscape 2020/05/28 v3.02 Landscape Pages (DPC)
)
Package pdflscape Info: Auto-detected driver: pdftex on input line 81.
))
Package biblatex Info: Trying to load language 'english'...
Package biblatex Info: ... file 'english.lbx' found.
 (/usr/local/texlive/2024/texmf-dist/tex/latex/biblatex/lbx/english.lbx
File: english.lbx 2023/03/05 v3.19 biblatex localization (PK/MW)
)
Package biblatex Info: Input encoding 'utf8' detected.
Package biblatex Info: Automatic encoding selection.
(biblatex)             Assuming data encoding 'utf8'.
\openout3 = `report.bcf'.

Package biblatex Info: Trying to load bibliographic data...
Package biblatex Info: ... file 'report.bbl' not found.

No file report.bbl.
Package biblatex Info: Reference section=0 on input line 52.
Package biblatex Info: Reference segment=0 on input line 52.
Package hyperref Info: Link coloring OFF on input line 52.
(./report.out) (./report.out)
\@outlinefile=\write4
\openout4 = `report.out'.

 (./Chapters/title.tex
<Images/pdeu_logo.png, id=257, 297.11pt x 314.17375pt>
File: Images/pdeu_logo.png Graphic file (type png)
<use Images/pdeu_logo.png>
Package pdftex.def Info: Images/pdeu_logo.png  used on input line 25.
(pdftex.def)             Requested size: 81.90262pt x 86.60657pt.
 [1

{/usr/local/texlive/2024/texmf-var/fonts/map/pdftex/updmap/pdftex.map}{/usr/local/texlive/2024/texmf-dist/fonts/enc/dvips/base/8r.enc} <./Images/pdeu_logo.png>])
\openout2 = `Chapters/ApprovalSheet.aux'.

 (./Chapters/ApprovalSheet.tex
LaTeX Font Info:    Trying to load font information for OT1+ztmcm on input line 11.
 (/usr/local/texlive/2024/texmf-dist/tex/latex/psnfss/ot1ztmcm.fd
File: ot1ztmcm.fd 2000/01/03 Fontinst v1.801 font definitions for OT1/ztmcm.
)
LaTeX Font Info:    Trying to load font information for OML+ztmcm on input line 11.
 (/usr/local/texlive/2024/texmf-dist/tex/latex/psnfss/omlztmcm.fd
File: omlztmcm.fd 2000/01/03 Fontinst v1.801 font definitions for OML/ztmcm.
)
LaTeX Font Info:    Trying to load font information for OMS+ztmcm on input line 11.
 (/usr/local/texlive/2024/texmf-dist/tex/latex/psnfss/omsztmcm.fd
File: omsztmcm.fd 2000/01/03 Fontinst v1.801 font definitions for OMS/ztmcm.
)
LaTeX Font Info:    Trying to load font information for OMX+ztmcm on input line 11.
 (/usr/local/texlive/2024/texmf-dist/tex/latex/psnfss/omxztmcm.fd
File: omxztmcm.fd 2000/01/03 Fontinst v1.801 font definitions for OMX/ztmcm.
)
LaTeX Font Info:    Font shape `OT1/ptm/bx/n' in size <12> not available
(Font)              Font shape `OT1/ptm/b/n' tried instead on input line 11.
LaTeX Font Info:    Font shape `OT1/ptm/bx/n' in size <9> not available
(Font)              Font shape `OT1/ptm/b/n' tried instead on input line 11.
LaTeX Font Info:    Font shape `OT1/ptm/bx/n' in size <7> not available
(Font)              Font shape `OT1/ptm/b/n' tried instead on input line 11.
)
pdfTeX warning (ext4): destination with the same identifier (name{page.1}) has been already used, duplicate ignored
<to be read again> 
                   \relax 
l.61 \include{Chapters/ApprovalSheet}
                                      [1


]
\openout2 = `Chapters/Declaration.aux'.

 (./Chapters/Declaration.tex) [2



] (./report.toc [1



] [2])
\tf@toc=\write5
\openout5 = `report.toc'.

 [3] (./report.lof
Overfull \hbox (5.62433pt too wide) in paragraph at lines 11--11
 [][] [][]\OT1/ptm/m/n/12 Visualization of the In-cre-men-tal Train-ing Pro-cess for Multi-Feature 
 []

[4


])
\tf@lof=\write6
\openout6 = `report.lof'.

 [5] (./report.lot)
\tf@lot=\write7
\openout7 = `report.lot'.

 [6

] (./Chapters/introduction.tex
Chapter 1.

pdfTeX warning (ext4): destination with the same identifier (name{page.1}) has been already used, duplicate ignored
<to be read again> 
                   \relax 
l.7 
     [1

]
pdfTeX warning (ext4): destination with the same identifier (name{page.2}) has been already used, duplicate ignored
<to be read again> 
                   \relax 
l.20 \begin{itemize}
                     [2]
LaTeX Font Info:    Trying to load font information for TS1+ptm on input line 21.
 (/usr/local/texlive/2024/texmf-dist/tex/latex/psnfss/ts1ptm.fd
File: ts1ptm.fd 2001/06/04 font definitions for TS1/ptm.
) [3]) (./Chapters/LitReview.tex [4]
Chapter 2.
[5

]
Overfull \hbox (12.89693pt too wide) in paragraph at lines 9--9
[]\OT1/ptm/b/n/17.28 Insights from Re-cur-rent Neu-ral Net-works (RNNs)
 []


LaTeX Warning: Citation 'dastgerdi_investigating_2022' on page 6 undefined on input line 12.


LaTeX Warning: Citation 'fang_kalman-lstm_2021' on page 6 undefined on input line 14.


Overfull \hbox (5.24892pt too wide) in paragraph at lines 14--15
[]\OT1/ptm/m/n/12 Similarly, [] pro-posed a Kalman-LSTM model for short-
 []

[6]

LaTeX Warning: Citation 'song_improved_2022' on page 7 undefined on input line 19.


LaTeX Warning: Citation 'tian_application_2024' on page 7 undefined on input line 21.


LaTeX Warning: Citation 'wang_hybrid_2024' on page 7 undefined on input line 21.


LaTeX Warning: Citation 'sahni_neoteric_2022' on page 7 undefined on input line 23.


Overfull \hbox (3.05376pt too wide) in paragraph at lines 23--24
[]\OT1/ptm/m/n/12 In the stock mar-ket do-main, [] in-tro-duced a hy-brid ARIMA-
 []

[7]

LaTeX Warning: Citation 'samanta_dual_2020' on page 8 undefined on input line 28.


Overfull \hbox (15.54796pt too wide) in paragraph at lines 32--33
[]\OT1/ptm/b/n/12 Focus on Non-lin-ear Dy-nam-ics: \OT1/ptm/m/n/12 Al-though hy-brid mod-els have shown promise,
 []


LaTeX Warning: Citation 'samanta_dual_2020' on page 8 undefined on input line 35.

[8]) (./Chapters/work-done.tex [9]
Chapter 3.

Overfull \hbox (32.1605pt too wide) in paragraph at lines 1--1
|\OT1/ptm/b/n/24.88 Frameworks and Mod-els for Stock Price
 []

[10

]

pdfTeX warning: pdflatex (file ./Images/SummerInternArchitecture.pdf): PDF inclusion: found PDF version <1.7>, but at most version <1.5> allowed
<Images/SummerInternArchitecture.pdf, id=485, 466.08017pt x 612.35355pt>
File: Images/SummerInternArchitecture.pdf Graphic file (type pdf)
<use Images/SummerInternArchitecture.pdf>
Package pdftex.def Info: Images/SummerInternArchitecture.pdf  used on input line 13.
(pdftex.def)             Requested size: 312.00119pt x 409.92903pt.
[11 <./Images/SummerInternArchitecture.pdf>]
Overfull \hbox (5.07098pt too wide) in paragraph at lines 20--21
[]\OT1/ptm/b/n/12 Install and load nec-es-sary li-braries: \OT1/ptm/m/n/12 Li-braries such as Ten-sor-Flow, NumPy,
 []


Overfull \hbox (5.63503pt too wide) in paragraph at lines 21--22
[]\OT1/ptm/b/n/12 Load stock data us-ing yfi-nance API: \OT1/ptm/m/n/12 His-tor-i-cal stock price data was fetched
 []

[12]

pdfTeX warning: pdflatex (file ./Images/RefinedArchitecture.pdf): PDF inclusion: found PDF version <1.7>, but at most version <1.5> allowed
<Images/RefinedArchitecture.pdf, id=511, 470.78035pt x 611.44426pt>
File: Images/RefinedArchitecture.pdf Graphic file (type pdf)
<use Images/RefinedArchitecture.pdf>
Package pdftex.def Info: Images/RefinedArchitecture.pdf  used on input line 39.
(pdftex.def)             Requested size: 312.00119pt x 405.24316pt.
[13 <./Images/RefinedArchitecture.pdf>]
Overfull \hbox (13.11429pt too wide) in paragraph at lines 59--60
[]\OT1/ptm/m/n/12 Data was nor-mal-ized and scaled to a range of 0 to 1 us-ing \OT1/cmtt/m/n/12 MinMaxScaler\OT1/ptm/m/n/12 . 
 []



pdfTeX warning: pdflatex (file ./Images/RLSInputCreation.pdf): PDF inclusion: found PDF version <1.7>, but at most version <1.5> allowed
<Images/RLSInputCreation.pdf, id=528, 421.39552pt x 176.17078pt>
File: Images/RLSInputCreation.pdf Graphic file (type pdf)
<use Images/RLSInputCreation.pdf>
Package pdftex.def Info: Images/RLSInputCreation.pdf  used on input line 95.
(pdftex.def)             Requested size: 312.00119pt x 130.44228pt.
[14] [15 <./Images/RLSInputCreation.pdf>]
Overfull \hbox (2.57538pt too wide) in paragraph at lines 132--133
\OT1/ptm/m/n/12 In the \OT1/ptm/b/n/12 Hy-brid LSTM-RLS ar-chi-tec-ture with a multi-feature dataset\OT1/ptm/m/n/12 , the dataset
 []



pdfTeX warning: pdflatex (file ./Images/HybridLSTM_RLS_M.pdf): PDF inclusion: found PDF version <1.7>, but at most version <1.5> allowed
<Images/HybridLSTM_RLS_M.pdf, id=558, 449.76028pt x 485.89528pt>
File: Images/HybridLSTM_RLS_M.pdf Graphic file (type pdf)
<use Images/HybridLSTM_RLS_M.pdf>
Package pdftex.def Info: Images/HybridLSTM_RLS_M.pdf  used on input line 136.
(pdftex.def)             Requested size: 312.00119pt x 337.06973pt.

LaTeX Warning: `!h' float specifier changed to `!ht'.


Overfull \hbox (4.63698pt too wide) in paragraph at lines 141--142
[]\OT1/ptm/m/n/12 The LSTM model was trained fol-low-ing the stan-dard sequence-based ap-proach,
 []



pdfTeX warning: pdflatex (file ./Images/RLS_Input_M.pdf): PDF inclusion: found PDF version <1.7>, but at most version <1.5> allowed
<Images/RLS_Input_M.pdf, id=560, 529.98pt x 288.11641pt>
File: Images/RLS_Input_M.pdf Graphic file (type pdf)
<use Images/RLS_Input_M.pdf>
Package pdftex.def Info: Images/RLS_Input_M.pdf  used on input line 149.
(pdftex.def)             Requested size: 312.00119pt x 169.6179pt.
[16]

LaTeX Warning: `!h' float specifier changed to `!ht'.

[17 <./Images/HybridLSTM_RLS_M.pdf>]
Overfull \hbox (4.53131pt too wide) in paragraph at lines 167--168
[]\OT1/ptm/b/n/12 Alternative Fea-ture Rep-re-sen-ta-tion\OT1/ptm/m/n/12 : By con-struct-ing in-put se-quences from
 []

[18 <./Images/RLS_Input_M.pdf>]

pdfTeX warning: pdflatex (file ./Images/DNSArchitecture.pdf): PDF inclusion: found PDF version <1.7>, but at most version <1.5> allowed
<Images/DNSArchitecture.pdf, id=608, 293.40956pt x 393.2573pt>
File: Images/DNSArchitecture.pdf Graphic file (type pdf)
<use Images/DNSArchitecture.pdf>
Package pdftex.def Info: Images/DNSArchitecture.pdf  used on input line 180.
(pdftex.def)             Requested size: 312.00119pt x 418.17686pt.

LaTeX Warning: `!h' float specifier changed to `!ht'.


Overfull \hbox (20.20674pt too wide) in paragraph at lines 191--191
[]\OT1/ptm/b/n/17.28 Advanced Data Pre-pro-cess-ing for En-hanced Model
 []

[19] [20 <./Images/DNSArchitecture.pdf>]
<Images/distribution_plot.pdf, id=630, 1300.86pt x 433.62pt>
File: Images/distribution_plot.pdf Graphic file (type pdf)
<use Images/distribution_plot.pdf>
Package pdftex.def Info: Images/distribution_plot.pdf  used on input line 208.
(pdftex.def)             Requested size: 390.0pt x 130.00098pt.


LaTeX Warning: `h' float specifier changed to `ht'.

[21] [22 <./Images/distribution_plot.pdf>] [23] [24] [25]

pdfTeX warning: pdflatex (file ./Images/incremental_training.pdf): PDF inclusion: found PDF version <1.7>, but at most version <1.5> allowed
<Images/incremental_training.pdf, id=697, 629.4717pt x 293.1753pt>
File: Images/incremental_training.pdf Graphic file (type pdf)
<use Images/incremental_training.pdf>
Package pdftex.def Info: Images/incremental_training.pdf  used on input line 344.
(pdftex.def)             Requested size: 390.0pt x 181.64154pt.

LaTeX Warning: `!h' float specifier changed to `!ht'.

[26]
<Images/feature_distributions.pdf, id=707, 867.24pt x 867.24pt>
File: Images/feature_distributions.pdf Graphic file (type pdf)
<use Images/feature_distributions.pdf>
Package pdftex.def Info: Images/feature_distributions.pdf  used on input line 356.
(pdftex.def)             Requested size: 390.0pt x 390.00298pt.


LaTeX Warning: `!h' float specifier changed to `!ht'.

<Images/correlation_plot.pdf, id=709, 1084.05pt x 1084.05pt>
File: Images/correlation_plot.pdf Graphic file (type pdf)
<use Images/correlation_plot.pdf>
Package pdftex.def Info: Images/correlation_plot.pdf  used on input line 365.
(pdftex.def)             Requested size: 390.0pt x 389.99304pt.

LaTeX Warning: `!h' float specifier changed to `!ht'.

<Images/seasonal_decomposition.pdf, id=711, 971.08267pt x 540.43575pt>
File: Images/seasonal_decomposition.pdf Graphic file (type pdf)
<use Images/seasonal_decomposition.pdf>
Package pdftex.def Info: Images/seasonal_decomposition.pdf  used on input line 374.
(pdftex.def)             Requested size: 390.0pt x 217.04457pt.

LaTeX Warning: `!h' float specifier changed to `!ht'.


Overfull \hbox (10.38744pt too wide) in paragraph at lines 380--381
\OT1/ptm/m/n/12 Feature se-lec-tion was per-formed us-ing the Se-lec-tKBest method with \OT1/cmtt/m/n/12 f[]regression\OT1/ptm/m/n/12 .
 []

[27 <./Images/incremental_training.pdf>]

LaTeX Warning: `!h' float specifier changed to `!ht'.

[28 <./Images/feature_distributions.pdf>] [29 <./Images/correlation_plot.pdf>] [30 <./Images/seasonal_decomposition.pdf>] [31]) (./Chapters/Results.tex [32]
Chapter 4.
[33

]
<Images/ActvsPred.pdf, id=914, 1445.4pt x 289.08pt>
File: Images/ActvsPred.pdf Graphic file (type pdf)
<use Images/ActvsPred.pdf>
Package pdftex.def Info: Images/ActvsPred.pdf  used on input line 182.
(pdftex.def)             Requested size: 390.0pt x 77.9997pt.


LaTeX Warning: `!h' float specifier changed to `!ht'.

<Images/returns_comparision.pdf, id=915, 1445.4pt x 289.08pt>
File: Images/returns_comparision.pdf Graphic file (type pdf)
<use Images/returns_comparision.pdf>
Package pdftex.def Info: Images/returns_comparision.pdf  used on input line 189.
(pdftex.def)             Requested size: 390.0pt x 77.9997pt.

LaTeX Warning: `!h' float specifier changed to `!ht'.

<Images/ActvsPredshift.pdf, id=916, 1445.4pt x 289.08pt>
File: Images/ActvsPredshift.pdf Graphic file (type pdf)
<use Images/ActvsPredshift.pdf>
Package pdftex.def Info: Images/ActvsPredshift.pdf  used on input line 209.
(pdftex.def)             Requested size: 390.0pt x 77.9997pt.

LaTeX Warning: `!h' float specifier changed to `!ht'.


LaTeX Warning: `!h' float specifier changed to `!ht'.

<Images/5_ActvsPred_LSTM_RLS.pdf, id=917, 1445.4pt x 361.35pt>
File: Images/5_ActvsPred_LSTM_RLS.pdf Graphic file (type pdf)
<use Images/5_ActvsPred_LSTM_RLS.pdf>
Package pdftex.def Info: Images/5_ActvsPred_LSTM_RLS.pdf  used on input line 231.
(pdftex.def)             Requested size: 390.0pt x 97.49963pt.
[34]

LaTeX Warning: `!h' float specifier changed to `!ht'.

<Images/actual_vs_predicted_main_N2_50seq_LSTM.pdf, id=926, 1208.72832pt x 308.70395pt>
File: Images/actual_vs_predicted_main_N2_50seq_LSTM.pdf Graphic file (type pdf)
<use Images/actual_vs_predicted_main_N2_50seq_LSTM.pdf>
Package pdftex.def Info: Images/actual_vs_predicted_main_N2_50seq_LSTM.pdf  used on input line 255.
(pdftex.def)             Requested size: 390.0pt x 99.60217pt.
[35 <./Images/ActvsPred.pdf> <./Images/returns_comparision.pdf> <./Images/ActvsPredshift.pdf>]
<Images/3_final_predictions_close.pdf, id=1043, 1445.4pt x 361.35pt>
File: Images/3_final_predictions_close.pdf Graphic file (type pdf)
<use Images/3_final_predictions_close.pdf>
Package pdftex.def Info: Images/3_final_predictions_close.pdf  used on input line 282.
(pdftex.def)             Requested size: 390.0pt x 97.49963pt.
 [36 <./Images/5_ActvsPred_LSTM_RLS.pdf> <./Images/actual_vs_predicted_main_N2_50seq_LSTM.pdf>]
<Images/3_final_predictions_return.pdf, id=1119, 1445.4pt x 361.35pt>
File: Images/3_final_predictions_return.pdf Graphic file (type pdf)
<use Images/3_final_predictions_return.pdf>
Package pdftex.def Info: Images/3_final_predictions_return.pdf  used on input line 289.
(pdftex.def)             Requested size: 390.0pt x 97.49963pt.
File: Images/3_final_predictions_close.pdf Graphic file (type pdf)
<use Images/3_final_predictions_close.pdf>
Package pdftex.def Info: Images/3_final_predictions_close.pdf  used on input line 299.
(pdftex.def)             Requested size: 390.0pt x 97.49963pt.


LaTeX Warning: `!h' float specifier changed to `!ht'.

File: Images/3_final_predictions_return.pdf Graphic file (type pdf)
<use Images/3_final_predictions_return.pdf>
Package pdftex.def Info: Images/3_final_predictions_return.pdf  used on input line 306.
(pdftex.def)             Requested size: 390.0pt x 97.49963pt.

LaTeX Warning: `!h' float specifier changed to `!ht'.


LaTeX Warning: `!h' float specifier changed to `!ht'.

<Images/6_Final_Pred.pdf, id=1123, 2890.8pt x 578.16pt>
File: Images/6_Final_Pred.pdf Graphic file (type pdf)
<use Images/6_Final_Pred.pdf>
Package pdftex.def Info: Images/6_Final_Pred.pdf  used on input line 332.
(pdftex.def)             Requested size: 390.0pt x 77.9953pt.
[37 <./Images/3_final_predictions_close.pdf> <./Images/3_final_predictions_return.pdf>]

LaTeX Warning: `!h' float specifier changed to `!ht'.

[38 <./Images/6_Final_Pred.pdf>] [39]
<Images/absolute_error_vs_rmse.pdf, id=1251, 1445.4pt x 505.89pt>
File: Images/absolute_error_vs_rmse.pdf Graphic file (type pdf)
<use Images/absolute_error_vs_rmse.pdf>
Package pdftex.def Info: Images/absolute_error_vs_rmse.pdf  used on input line 373.
(pdftex.def)             Requested size: 390.0pt x 136.49948pt.
<Images/actual_vs_predicted_returns.pdf, id=1252, 1445.4pt x 505.89pt>
File: Images/actual_vs_predicted_returns.pdf Graphic file (type pdf)
<use Images/actual_vs_predicted_returns.pdf>
Package pdftex.def Info: Images/actual_vs_predicted_returns.pdf  used on input line 380.
(pdftex.def)             Requested size: 390.0pt x 136.49948pt.


LaTeX Warning: `!h' float specifier changed to `!ht'.

[40 <./Images/absolute_error_vs_rmse.pdf>]
<Images/7_Residuals.pdf, id=1292, 1445.4pt x 361.35pt>
File: Images/7_Residuals.pdf Graphic file (type pdf)
<use Images/7_Residuals.pdf>
Package pdftex.def Info: Images/7_Residuals.pdf  used on input line 397.
(pdftex.def)             Requested size: 390.0pt x 97.49963pt.
<Images/7_garchx_arimax.pdf, id=1293, 1445.4pt x 361.35pt>
File: Images/7_garchx_arimax.pdf Graphic file (type pdf)
<use Images/7_garchx_arimax.pdf>
Package pdftex.def Info: Images/7_garchx_arimax.pdf  used on input line 406.
(pdftex.def)             Requested size: 390.0pt x 97.49963pt.


LaTeX Warning: `!h' float specifier changed to `!ht'.


LaTeX Warning: `!h' float specifier changed to `!ht'.

) (./Chapters/DiscAndChallenges.tex [41 <./Images/actual_vs_predicted_returns.pdf> <./Images/7_Residuals.pdf>] [42 <./Images/7_garchx_arimax.pdf>]
Chapter 5.

Overfull \hbox (4.984pt too wide) in paragraph at lines 6--7
[]\OT1/ptm/m/n/12 Consequently, the DNS ar-chi-tec-ture was re-placed by the ARIMA-LSTM Resid-
 []

[43

] [44]) (./Chapters/conclusion.tex [45]
Chapter 6.
[46

] [47]
Chapter 7.
) [48

]

LaTeX Warning: Empty bibliography on input line 91.

(./report.aux (./Chapters/ApprovalSheet.aux) (./Chapters/Declaration.aux))
 ***********
LaTeX2e <2023-11-01> patch level 1
L3 programming layer <2024-02-20>
 ***********


LaTeX Warning: There were undefined references.

Package rerunfilecheck Info: File `report.out' has not changed.
(rerunfilecheck)             Checksum: 9B351771C446B84CE7114228BDBE9563;13692.

Package biblatex Warning: Please (re)run Biber on the file:
(biblatex)                report
(biblatex)                and rerun LaTeX afterwards.

Package logreq Info: Writing requests to 'report.run.xml'.
\openout1 = `report.run.xml'.

 ) 
Here is how much of TeX's memory you used:
 19590 strings out of 474116
 343758 string characters out of 5743683
 1938187 words of memory out of 5000000
 41459 multiletter control sequences out of 15000+600000
 587931 words of font info for 92 fonts, out of 8000000 for 9000
 1141 hyphenation exceptions out of 8191
 72i,13n,81p,1123b,1227s stack positions out of 10000i,1000n,20000p,200000b,200000s
</usr/local/texlive/2024/texmf-dist/fonts/type1/public/amsfonts/cm/cmex10.pfb></usr/local/texlive/2024/texmf-dist/fonts/type1/public/amsfonts/cm/cmmi10.pfb></usr/local/texlive/2024/texmf-dist/fonts/type1/public/amsfonts/cm/cmr10.pfb></usr/local/texlive/2024/texmf-dist/fonts/type1/public/amsfonts/cm/cmsy10.pfb></usr/local/texlive/2024/texmf-dist/fonts/type1/public/amsfonts/cm/cmtt12.pfb></usr/local/texlive/2024/texmf-dist/fonts/type1/urw/symbol/usyr.pfb></usr/local/texlive/2024/texmf-dist/fonts/type1/urw/times/utmb8a.pfb></usr/local/texlive/2024/texmf-dist/fonts/type1/urw/times/utmr8a.pfb></usr/local/texlive/2024/texmf-dist/fonts/type1/urw/times/utmri8a.pfb>
Output written on report.pdf (57 pages, 866769 bytes).
PDF statistics:
 1515 PDF objects out of 1728 (max. 8388607)
 856 compressed objects within 9 object streams
 193 named destinations out of 1000 (max. 500000)
 625 words of extra memory for PDF output out of 10000 (max. 10000000)

